Determining if the pthread_create exist failed with the following output:
Change Dir: /home/pi/catkin_ws/src/vl53l0x_ros/vl53l0x/build/CMakeFiles/CMakeTmp

Run Build Command:"/usr/bin/make" "cmTC_6b89c/fast"
/usr/bin/make -f CMakeFiles/cmTC_6b89c.dir/build.make CMakeFiles/cmTC_6b89c.dir/build
make[1]: Entering directory '/home/pi/catkin_ws/src/vl53l0x_ros/vl53l0x/build/CMakeFiles/CMakeTmp'
Building C object CMakeFiles/cmTC_6b89c.dir/CheckSymbolExists.c.o
/usr/bin/cc    -o CMakeFiles/cmTC_6b89c.dir/CheckSymbolExists.c.o   -c /home/pi/catkin_ws/src/vl53l0x_ros/vl53l0x/build/CMakeFiles/CMakeTmp/CheckSymbolExists.c
Linking C executable cmTC_6b89c
/usr/bin/cmake -E cmake_link_script CMakeFiles/cmTC_6b89c.dir/link.txt --verbose=1
/usr/bin/cc      -rdynamic CMakeFiles/cmTC_6b89c.dir/CheckSymbolExists.c.o  -o cmTC_6b89c 
CMakeFiles/cmTC_6b89c.dir/CheckSymbolExists.c.o: In function `main':
CheckSymbolExists.c:(.text+0x2c): undefined reference to `pthread_create'
collect2: error: ld returned 1 exit status
CMakeFiles/cmTC_6b89c.dir/build.make:97: recipe for target 'cmTC_6b89c' failed
make[1]: *** [cmTC_6b89c] Error 1
make[1]: Leaving directory '/home/pi/catkin_ws/src/vl53l0x_ros/vl53l0x/build/CMakeFiles/CMakeTmp'
Makefile:126: recipe for target 'cmTC_6b89c/fast' failed
make: *** [cmTC_6b89c/fast] Error 2

File /home/pi/catkin_ws/src/vl53l0x_ros/vl53l0x/build/CMakeFiles/CMakeTmp/CheckSymbolExists.c:
/* */
#include <pthread.h>

int main(int argc, char** argv)
{
  (void)argv;
#ifndef pthread_create
  return ((int*)(&pthread_create))[argc];
#else
  (void)argc;
  return 0;
#endif
}

Determining if the function pthread_create exists in the pthreads failed with the following output:
Change Dir: /home/pi/catkin_ws/src/vl53l0x_ros/vl53l0x/build/CMakeFiles/CMakeTmp

Run Build Command:"/usr/bin/make" "cmTC_30215/fast"
/usr/bin/make -f CMakeFiles/cmTC_30215.dir/build.make CMakeFiles/cmTC_30215.dir/build
make[1]: Entering directory '/home/pi/catkin_ws/src/vl53l0x_ros/vl53l0x/build/CMakeFiles/CMakeTmp'
Building C object CMakeFiles/cmTC_30215.dir/CheckFunctionExists.c.o
/usr/bin/cc   -DCHECK_FUNCTION_EXISTS=pthread_create   -o CMakeFiles/cmTC_30215.dir/CheckFunctionExists.c.o   -c /usr/share/cmake-3.10/Modules/CheckFunctionExists.c
Linking C executable cmTC_30215
/usr/bin/cmake -E cmake_link_script CMakeFiles/cmTC_30215.dir/link.txt --verbose=1
/usr/bin/cc  -DCHECK_FUNCTION_EXISTS=pthread_create    -rdynamic CMakeFiles/cmTC_30215.dir/CheckFunctionExists.c.o  -o cmTC_30215 -lpthreads 
/usr/bin/ld: cannot find -lpthreads
collect2: error: ld returned 1 exit status
CMakeFiles/cmTC_30215.dir/build.make:97: recipe for target 'cmTC_30215' failed
make[1]: *** [cmTC_30215] Error 1
make[1]: Leaving directory '/home/pi/catkin_ws/src/vl53l0x_ros/vl53l0x/build/CMakeFiles/CMakeTmp'
Makefile:126: recipe for target 'cmTC_30215/fast' failed
make: *** [cmTC_30215/fast] Error 2


